2013-07-28 01:25:46 INFO  Version:37 - HCANN000001: Hibernate Commons Annotations {4.0.2.Final}
2013-07-28 01:25:46 INFO  Version:41 - HHH000412: Hibernate Core {4.2.2.Final}
2013-07-28 01:25:46 INFO  Environment:239 - HHH000206: hibernate.properties not found
2013-07-28 01:25:46 INFO  Environment:342 - HHH000021: Bytecode provider name : javassist
2013-07-28 01:25:46 INFO  Configuration:1985 - HHH000043: Configuring from resource: /hibernate.cfg.xml
2013-07-28 01:25:46 INFO  Configuration:2004 - HHH000040: Configuration resource: /hibernate.cfg.xml
2013-07-28 01:25:46 WARN  DTDEntityResolver:74 - HHH000223: Recognized obsolete hibernate namespace http://hibernate.sourceforge.net/. Use namespace http://www.hibernate.org/dtd/ instead. Refer to Hibernate 3.6 Migration Guide!
2013-07-28 01:25:46 INFO  Configuration:728 - HHH000221: Reading mappings from resource: Patient.hbm.xml
2013-07-28 01:25:46 WARN  DTDEntityResolver:74 - HHH000223: Recognized obsolete hibernate namespace http://hibernate.sourceforge.net/. Use namespace http://www.hibernate.org/dtd/ instead. Refer to Hibernate 3.6 Migration Guide!
2013-07-28 01:25:46 INFO  Configuration:728 - HHH000221: Reading mappings from resource: IvrMsg.hbm.xml
2013-07-28 01:25:46 WARN  DTDEntityResolver:74 - HHH000223: Recognized obsolete hibernate namespace http://hibernate.sourceforge.net/. Use namespace http://www.hibernate.org/dtd/ instead. Refer to Hibernate 3.6 Migration Guide!
2013-07-28 01:25:47 INFO  Configuration:728 - HHH000221: Reading mappings from resource: SmsMsg.hbm.xml
2013-07-28 01:25:47 WARN  DTDEntityResolver:74 - HHH000223: Recognized obsolete hibernate namespace http://hibernate.sourceforge.net/. Use namespace http://www.hibernate.org/dtd/ instead. Refer to Hibernate 3.6 Migration Guide!
2013-07-28 01:25:47 INFO  Configuration:728 - HHH000221: Reading mappings from resource: Alert.hbm.xml
2013-07-28 01:25:47 WARN  DTDEntityResolver:74 - HHH000223: Recognized obsolete hibernate namespace http://hibernate.sourceforge.net/. Use namespace http://www.hibernate.org/dtd/ instead. Refer to Hibernate 3.6 Migration Guide!
2013-07-28 01:25:47 INFO  Configuration:728 - HHH000221: Reading mappings from resource: PAlert.hbm.xml
2013-07-28 01:25:47 WARN  DTDEntityResolver:74 - HHH000223: Recognized obsolete hibernate namespace http://hibernate.sourceforge.net/. Use namespace http://www.hibernate.org/dtd/ instead. Refer to Hibernate 3.6 Migration Guide!
2013-07-28 01:25:47 INFO  Configuration:2126 - HHH000041: Configured SessionFactory: null
2013-07-28 01:25:47 INFO  DriverManagerConnectionProviderImpl:98 - HHH000402: Using Hibernate built-in connection pool (not for production use!)
2013-07-28 01:25:47 INFO  DriverManagerConnectionProviderImpl:134 - HHH000115: Hibernate connection pool size: 20
2013-07-28 01:25:47 INFO  DriverManagerConnectionProviderImpl:137 - HHH000006: Autocommit mode: false
2013-07-28 01:25:47 INFO  DriverManagerConnectionProviderImpl:151 - HHH000401: using driver [org.gjt.mm.mysql.Driver] at URL [jdbc:mysql://127.0.0.1/atul]
2013-07-28 01:25:47 INFO  DriverManagerConnectionProviderImpl:156 - HHH000046: Connection properties: {user=atul, password=****}
2013-07-28 01:25:47 INFO  Dialect:130 - HHH000400: Using dialect: org.hibernate.dialect.MySQLDialect
2013-07-28 01:25:47 INFO  LobCreatorBuilder:94 - HHH000423: Disabling contextual LOB creation as JDBC driver reported JDBC version [3] less than 4
2013-07-28 01:25:47 INFO  TransactionFactoryInitiator:68 - HHH000399: Using default transaction strategy (direct JDBC transactions)
2013-07-28 01:25:47 INFO  ASTQueryTranslatorFactory:48 - HHH000397: Using ASTQueryTranslatorFactory
2013-07-28 01:25:48 INFO  SchemaValidator:137 - HHH000229: Running schema validator
2013-07-28 01:25:48 INFO  SchemaValidator:145 - HHH000102: Fetching database metadata
2013-07-28 01:25:48 INFO  TableMetadata:65 - HHH000261: Table found: atul.alert
2013-07-28 01:25:48 INFO  TableMetadata:66 - HHH000037: Columns: [alerttype, msgid, retrycount, scheduletime, serviceinfo, isexecuted, lasttry, pid, aid]
2013-07-28 01:25:48 INFO  TableMetadata:65 - HHH000261: Table found: atul.ivrMsg
2013-07-28 01:25:48 INFO  TableMetadata:66 - HHH000037: Columns: [content, id, itemnumber, ivrid]
2013-07-28 01:25:48 INFO  TableMetadata:65 - HHH000261: Table found: atul.pAlert
2013-07-28 01:25:48 INFO  TableMetadata:66 - HHH000037: Columns: [alerttype, paid, pid]
2013-07-28 01:25:48 INFO  TableMetadata:65 - HHH000261: Table found: atul.patient
2013-07-28 01:25:48 INFO  TableMetadata:66 - HHH000037: Columns: [pname, preferlanguage, snumber, pid, pnumber]
2013-07-28 01:25:48 INFO  TableMetadata:65 - HHH000261: Table found: atul.smsMsg
2013-07-28 01:25:48 INFO  TableMetadata:66 - HHH000037: Columns: [content, id, smsid, itemnumber]
2013-07-28 01:25:48 INFO  GetAlertInfo:39 - Getting the alerts for the patient who need to be called before:Sun Jul 28 01:25:46 IST 2013
2013-07-28 01:25:48 INFO  GetAlertInfo:88 - Trying to get the max retry count
2013-07-28 01:25:48 INFO  OutgoingCallManager:82 - Placing the call to patient with phone number-1234567890 having alertId-261d16d9-95dc-4545-a194-91411437df8d and msgId-30 and preferLanguage hindi
2013-07-28 01:25:48 INFO  OutgoingCallManager:133 - Trying to fetch the notation for the prefer language:hindi
2013-07-28 01:25:48 INFO  ManagerConnectionImpl:723 - Connecting to 127.0.0.1:5038
2013-07-28 01:25:48 INFO  ManagerConnectionImpl:1303 - Connected via Asterisk Call Manager/1.3
2013-07-28 01:25:48 INFO  ManagerConnectionImpl:584 - Successfully logged in
2013-07-28 01:25:48 INFO  ManagerConnectionImpl:592 - Determined Asterisk version: Asterisk 11
2013-07-28 01:25:48 INFO  OutgoingCallManager:104 - Asterisk response for call to phone-SIP/1000abc
2013-07-28 01:25:48 INFO  OutgoingCallManager:105 - Success
2013-07-28 01:25:48 INFO  ManagerReaderImpl:262 - Terminating reader thread: No more lines available: null
2013-07-28 01:25:48 INFO  ManagerConnectionImpl:794 - Closing socket.
2013-07-28 01:25:48 INFO  Caller:27 - Placed a call to the patient with aid 261d16d9-95dc-4545-a194-91411437df8d
2013-07-28 01:26:09 INFO  Version:37 - HCANN000001: Hibernate Commons Annotations {4.0.2.Final}
2013-07-28 01:26:09 INFO  Version:41 - HHH000412: Hibernate Core {4.2.2.Final}
2013-07-28 01:26:09 INFO  Environment:239 - HHH000206: hibernate.properties not found
2013-07-28 01:26:09 INFO  Environment:342 - HHH000021: Bytecode provider name : javassist
2013-07-28 01:26:09 INFO  Configuration:1985 - HHH000043: Configuring from resource: /hibernate.cfg.xml
2013-07-28 01:26:09 INFO  Configuration:2004 - HHH000040: Configuration resource: /hibernate.cfg.xml
2013-07-28 01:26:09 WARN  DTDEntityResolver:74 - HHH000223: Recognized obsolete hibernate namespace http://hibernate.sourceforge.net/. Use namespace http://www.hibernate.org/dtd/ instead. Refer to Hibernate 3.6 Migration Guide!
2013-07-28 01:26:09 INFO  Configuration:728 - HHH000221: Reading mappings from resource: Patient.hbm.xml
2013-07-28 01:26:09 WARN  DTDEntityResolver:74 - HHH000223: Recognized obsolete hibernate namespace http://hibernate.sourceforge.net/. Use namespace http://www.hibernate.org/dtd/ instead. Refer to Hibernate 3.6 Migration Guide!
2013-07-28 01:26:09 INFO  Configuration:728 - HHH000221: Reading mappings from resource: IvrMsg.hbm.xml
2013-07-28 01:26:09 WARN  DTDEntityResolver:74 - HHH000223: Recognized obsolete hibernate namespace http://hibernate.sourceforge.net/. Use namespace http://www.hibernate.org/dtd/ instead. Refer to Hibernate 3.6 Migration Guide!
2013-07-28 01:26:09 INFO  Configuration:728 - HHH000221: Reading mappings from resource: SmsMsg.hbm.xml
2013-07-28 01:26:09 WARN  DTDEntityResolver:74 - HHH000223: Recognized obsolete hibernate namespace http://hibernate.sourceforge.net/. Use namespace http://www.hibernate.org/dtd/ instead. Refer to Hibernate 3.6 Migration Guide!
2013-07-28 01:26:09 INFO  Configuration:728 - HHH000221: Reading mappings from resource: Alert.hbm.xml
2013-07-28 01:26:09 WARN  DTDEntityResolver:74 - HHH000223: Recognized obsolete hibernate namespace http://hibernate.sourceforge.net/. Use namespace http://www.hibernate.org/dtd/ instead. Refer to Hibernate 3.6 Migration Guide!
2013-07-28 01:26:09 INFO  Configuration:728 - HHH000221: Reading mappings from resource: PAlert.hbm.xml
2013-07-28 01:26:09 WARN  DTDEntityResolver:74 - HHH000223: Recognized obsolete hibernate namespace http://hibernate.sourceforge.net/. Use namespace http://www.hibernate.org/dtd/ instead. Refer to Hibernate 3.6 Migration Guide!
2013-07-28 01:26:10 INFO  Configuration:2126 - HHH000041: Configured SessionFactory: null
2013-07-28 01:26:10 INFO  DriverManagerConnectionProviderImpl:98 - HHH000402: Using Hibernate built-in connection pool (not for production use!)
2013-07-28 01:26:10 INFO  DriverManagerConnectionProviderImpl:134 - HHH000115: Hibernate connection pool size: 20
2013-07-28 01:26:10 INFO  DriverManagerConnectionProviderImpl:137 - HHH000006: Autocommit mode: false
2013-07-28 01:26:10 INFO  DriverManagerConnectionProviderImpl:151 - HHH000401: using driver [org.gjt.mm.mysql.Driver] at URL [jdbc:mysql://127.0.0.1/atul]
2013-07-28 01:26:10 INFO  DriverManagerConnectionProviderImpl:156 - HHH000046: Connection properties: {user=atul, password=****}
2013-07-28 01:26:10 INFO  Dialect:130 - HHH000400: Using dialect: org.hibernate.dialect.MySQLDialect
2013-07-28 01:26:10 INFO  LobCreatorBuilder:94 - HHH000423: Disabling contextual LOB creation as JDBC driver reported JDBC version [3] less than 4
2013-07-28 01:26:10 INFO  TransactionFactoryInitiator:68 - HHH000399: Using default transaction strategy (direct JDBC transactions)
2013-07-28 01:26:10 INFO  ASTQueryTranslatorFactory:48 - HHH000397: Using ASTQueryTranslatorFactory
2013-07-28 01:26:10 INFO  SchemaValidator:137 - HHH000229: Running schema validator
2013-07-28 01:26:10 INFO  SchemaValidator:145 - HHH000102: Fetching database metadata
2013-07-28 01:26:10 INFO  TableMetadata:65 - HHH000261: Table found: atul.alert
2013-07-28 01:26:10 INFO  TableMetadata:66 - HHH000037: Columns: [alerttype, msgid, retrycount, scheduletime, serviceinfo, isexecuted, lasttry, pid, aid]
2013-07-28 01:26:10 INFO  TableMetadata:65 - HHH000261: Table found: atul.ivrMsg
2013-07-28 01:26:10 INFO  TableMetadata:66 - HHH000037: Columns: [content, id, itemnumber, ivrid]
2013-07-28 01:26:10 INFO  TableMetadata:65 - HHH000261: Table found: atul.pAlert
2013-07-28 01:26:10 INFO  TableMetadata:66 - HHH000037: Columns: [alerttype, paid, pid]
2013-07-28 01:26:10 INFO  TableMetadata:65 - HHH000261: Table found: atul.patient
2013-07-28 01:26:10 INFO  TableMetadata:66 - HHH000037: Columns: [pname, preferlanguage, snumber, pid, pnumber]
2013-07-28 01:26:10 INFO  TableMetadata:65 - HHH000261: Table found: atul.smsMsg
2013-07-28 01:26:10 INFO  TableMetadata:66 - HHH000037: Columns: [content, id, smsid, itemnumber]
2013-07-28 01:26:10 INFO  GetAlertInfo:39 - Getting the alerts for the patient who need to be called before:Sun Jul 28 01:26:09 IST 2013
2013-07-28 01:26:11 INFO  GetAlertInfo:88 - Trying to get the max retry count
2013-07-28 01:26:11 INFO  OutgoingCallManager:82 - Placing the call to patient with phone number-1234567890 having alertId-261d16d9-95dc-4545-a194-91411437df8d and msgId-30 and preferLanguage hindi
2013-07-28 01:26:11 INFO  OutgoingCallManager:133 - Trying to fetch the notation for the prefer language:hindi
2013-07-28 01:26:11 INFO  ManagerConnectionImpl:723 - Connecting to 127.0.0.1:5038
2013-07-28 01:26:11 INFO  ManagerConnectionImpl:1303 - Connected via Asterisk Call Manager/1.3
2013-07-28 01:26:11 INFO  ManagerConnectionImpl:584 - Successfully logged in
2013-07-28 01:26:11 INFO  ManagerConnectionImpl:592 - Determined Asterisk version: Asterisk 11
2013-07-28 01:26:11 INFO  OutgoingCallManager:104 - Asterisk response for call to phone-SIP/1000abc
2013-07-28 01:26:11 INFO  OutgoingCallManager:105 - Success
2013-07-28 01:26:11 INFO  ManagerConnectionImpl:794 - Closing socket.
2013-07-28 01:26:11 INFO  ManagerReaderImpl:262 - Terminating reader thread: No more lines available: null
2013-07-28 01:26:11 INFO  Caller:27 - Placed a call to the patient with aid 261d16d9-95dc-4545-a194-91411437df8d
2013-07-28 01:27:01 INFO  GetAlertInfo:39 - Getting the alerts for the patient who need to be called before:Sun Jul 28 01:27:01 IST 2013
2013-07-28 01:27:01 INFO  GetAlertInfo:88 - Trying to get the max retry count
2013-07-28 01:27:01 INFO  OutgoingCallManager:82 - Placing the call to patient with phone number-1234567890 having alertId-261d16d9-95dc-4545-a194-91411437df8d and msgId-30 and preferLanguage hindi
2013-07-28 01:27:01 INFO  OutgoingCallManager:133 - Trying to fetch the notation for the prefer language:hindi
2013-07-28 01:27:01 INFO  ManagerConnectionImpl:723 - Connecting to 127.0.0.1:5038
2013-07-28 01:27:01 INFO  ManagerConnectionImpl:1303 - Connected via Asterisk Call Manager/1.3
2013-07-28 01:27:01 INFO  ManagerConnectionImpl:584 - Successfully logged in
2013-07-28 01:27:01 INFO  ManagerConnectionImpl:592 - Determined Asterisk version: Asterisk 11
2013-07-28 01:27:01 INFO  OutgoingCallManager:104 - Asterisk response for call to phone-SIP/1000abc
2013-07-28 01:27:01 INFO  OutgoingCallManager:105 - Success
2013-07-28 01:27:01 INFO  ManagerConnectionImpl:794 - Closing socket.
2013-07-28 01:27:01 INFO  ManagerReaderImpl:262 - Terminating reader thread: No more lines available: null
2013-07-28 01:27:01 INFO  Caller:27 - Placed a call to the patient with aid 261d16d9-95dc-4545-a194-91411437df8d
2013-07-28 01:34:25 INFO  Version:37 - HCANN000001: Hibernate Commons Annotations {4.0.2.Final}
2013-07-28 01:34:25 INFO  Version:41 - HHH000412: Hibernate Core {4.2.2.Final}
2013-07-28 01:34:25 INFO  Environment:239 - HHH000206: hibernate.properties not found
2013-07-28 01:34:25 INFO  Environment:342 - HHH000021: Bytecode provider name : javassist
2013-07-28 01:34:25 INFO  Configuration:1985 - HHH000043: Configuring from resource: /hibernate.cfg.xml
2013-07-28 01:34:25 INFO  Configuration:2004 - HHH000040: Configuration resource: /hibernate.cfg.xml
2013-07-28 01:34:25 WARN  DTDEntityResolver:74 - HHH000223: Recognized obsolete hibernate namespace http://hibernate.sourceforge.net/. Use namespace http://www.hibernate.org/dtd/ instead. Refer to Hibernate 3.6 Migration Guide!
2013-07-28 01:34:25 INFO  Configuration:728 - HHH000221: Reading mappings from resource: Patient.hbm.xml
2013-07-28 01:34:25 WARN  DTDEntityResolver:74 - HHH000223: Recognized obsolete hibernate namespace http://hibernate.sourceforge.net/. Use namespace http://www.hibernate.org/dtd/ instead. Refer to Hibernate 3.6 Migration Guide!
2013-07-28 01:34:25 INFO  Configuration:728 - HHH000221: Reading mappings from resource: IvrMsg.hbm.xml
2013-07-28 01:34:25 WARN  DTDEntityResolver:74 - HHH000223: Recognized obsolete hibernate namespace http://hibernate.sourceforge.net/. Use namespace http://www.hibernate.org/dtd/ instead. Refer to Hibernate 3.6 Migration Guide!
2013-07-28 01:34:25 INFO  Configuration:728 - HHH000221: Reading mappings from resource: SmsMsg.hbm.xml
2013-07-28 01:34:25 WARN  DTDEntityResolver:74 - HHH000223: Recognized obsolete hibernate namespace http://hibernate.sourceforge.net/. Use namespace http://www.hibernate.org/dtd/ instead. Refer to Hibernate 3.6 Migration Guide!
2013-07-28 01:34:25 INFO  Configuration:728 - HHH000221: Reading mappings from resource: Alert.hbm.xml
2013-07-28 01:34:25 WARN  DTDEntityResolver:74 - HHH000223: Recognized obsolete hibernate namespace http://hibernate.sourceforge.net/. Use namespace http://www.hibernate.org/dtd/ instead. Refer to Hibernate 3.6 Migration Guide!
2013-07-28 01:34:25 INFO  Configuration:728 - HHH000221: Reading mappings from resource: PAlert.hbm.xml
2013-07-28 01:34:25 WARN  DTDEntityResolver:74 - HHH000223: Recognized obsolete hibernate namespace http://hibernate.sourceforge.net/. Use namespace http://www.hibernate.org/dtd/ instead. Refer to Hibernate 3.6 Migration Guide!
2013-07-28 01:34:25 INFO  Configuration:2126 - HHH000041: Configured SessionFactory: null
2013-07-28 01:34:26 INFO  DriverManagerConnectionProviderImpl:98 - HHH000402: Using Hibernate built-in connection pool (not for production use!)
2013-07-28 01:34:26 INFO  DriverManagerConnectionProviderImpl:134 - HHH000115: Hibernate connection pool size: 20
2013-07-28 01:34:26 INFO  DriverManagerConnectionProviderImpl:137 - HHH000006: Autocommit mode: false
2013-07-28 01:34:26 INFO  DriverManagerConnectionProviderImpl:151 - HHH000401: using driver [org.gjt.mm.mysql.Driver] at URL [jdbc:mysql://127.0.0.1/atul]
2013-07-28 01:34:26 INFO  DriverManagerConnectionProviderImpl:156 - HHH000046: Connection properties: {user=atul, password=****}
2013-07-28 01:34:26 INFO  Dialect:130 - HHH000400: Using dialect: org.hibernate.dialect.MySQLDialect
2013-07-28 01:34:26 INFO  LobCreatorBuilder:94 - HHH000423: Disabling contextual LOB creation as JDBC driver reported JDBC version [3] less than 4
2013-07-28 01:34:26 INFO  TransactionFactoryInitiator:68 - HHH000399: Using default transaction strategy (direct JDBC transactions)
2013-07-28 01:34:26 INFO  ASTQueryTranslatorFactory:48 - HHH000397: Using ASTQueryTranslatorFactory
2013-07-28 01:34:26 INFO  SchemaValidator:137 - HHH000229: Running schema validator
2013-07-28 01:34:26 INFO  SchemaValidator:145 - HHH000102: Fetching database metadata
2013-07-28 01:34:26 INFO  TableMetadata:65 - HHH000261: Table found: atul.alert
2013-07-28 01:34:26 INFO  TableMetadata:66 - HHH000037: Columns: [alerttype, msgid, retrycount, scheduletime, serviceinfo, isexecuted, lasttry, pid, aid]
2013-07-28 01:34:26 INFO  TableMetadata:65 - HHH000261: Table found: atul.ivrMsg
2013-07-28 01:34:26 INFO  TableMetadata:66 - HHH000037: Columns: [content, id, itemnumber, ivrid]
2013-07-28 01:34:26 INFO  TableMetadata:65 - HHH000261: Table found: atul.pAlert
2013-07-28 01:34:26 INFO  TableMetadata:66 - HHH000037: Columns: [alerttype, paid, pid]
2013-07-28 01:34:26 INFO  TableMetadata:65 - HHH000261: Table found: atul.patient
2013-07-28 01:34:26 INFO  TableMetadata:66 - HHH000037: Columns: [pname, preferlanguage, snumber, pid, pnumber]
2013-07-28 01:34:26 INFO  TableMetadata:65 - HHH000261: Table found: atul.smsMsg
2013-07-28 01:34:26 INFO  TableMetadata:66 - HHH000037: Columns: [content, id, smsid, itemnumber]
2013-07-28 01:34:26 INFO  GetAlertInfo:39 - Getting the alerts for the patient who need to be called before:Sun Jul 28 01:34:25 IST 2013
2013-07-28 01:34:27 INFO  GetAlertInfo:88 - Trying to get the max retry count
2013-07-28 01:34:27 INFO  OutgoingCallManager:82 - Placing the call to patient with phone number-1234567890 having alertId-261d16d9-95dc-4545-a194-91411437df8d and msgId-30 and preferLanguage hindi
2013-07-28 01:34:27 INFO  OutgoingCallManager:133 - Trying to fetch the notation for the prefer language:hindi
2013-07-28 01:34:27 INFO  ManagerConnectionImpl:723 - Connecting to 127.0.0.1:5038
2013-07-28 01:34:27 INFO  ManagerConnectionImpl:1303 - Connected via Asterisk Call Manager/1.3
2013-07-28 01:34:27 INFO  ManagerConnectionImpl:584 - Successfully logged in
2013-07-28 01:34:27 INFO  ManagerConnectionImpl:592 - Determined Asterisk version: Asterisk 11
2013-07-28 01:34:27 INFO  OutgoingCallManager:104 - Asterisk response for call to phone-SIP/1000abc
2013-07-28 01:34:27 INFO  OutgoingCallManager:105 - Success
2013-07-28 01:34:27 INFO  ManagerConnectionImpl:794 - Closing socket.
2013-07-28 01:34:27 INFO  ManagerReaderImpl:262 - Terminating reader thread: No more lines available: null
2013-07-28 01:34:27 INFO  Caller:27 - Placed a call to the patient with aid 261d16d9-95dc-4545-a194-91411437df8d
